ARC execution initiated on Sat Feb 16 13:25:07 2019

###############################################################
#                                                             #
#                 Automatic Rate Calculator                   #
#                            ARC                              #
#                                                             #
#   Version: 0.1                                              #
#                                                             #
###############################################################

Starting project minimal

Using the following settings: {'molpro': 'pharos', 'gaussian': 'c3ddb', 'qchem': 'pharos', 'ssh': True}

Using default level HF/3-21g* for refined conformer searches (after filtering via force fields)
Using default level b3lyp/6-311+g(d,p) for TS guesses comparison of different methods
Using composite method cbs-qb3
Using cbs-qb3 as model chemistry for energy corrections in Arkane
Using b3lyp/cbsb7 for rotor scans
Using default level b3lyp/cbsb7 for frequency calculations after composite jobs
Using cbs-qb3 as model chemistry for energy corrections in Arkane


Considering species: H2


Only one conformer is available for species H2, using it for geometry optimization
Running job composite_a1662 for H2
  Ending job composite_a1662 for H2 (0:01:03)

Optimized geometry for H2 at cbs-qb3:
H       1.19804800    0.01874300    0.06873000
H       1.94230700    0.01874300    0.06873000

Running job freq_a1663 for H2
  Ending job freq_a1663 for H2 (0:00:32)

All jobs for species H2 successfully converged. Elapsed time: 00:01:38


Loading the RMG database...
Loading thermodynamics library from BurkeH2O2.py in /home/dranasinghe/Software/rmg/RMG-database/input/thermo/libraries...
Loading thermodynamics library from thermo_DFT_CCSDTF12_BAC.py in /home/dranasinghe/Software/rmg/RMG-database/input/thermo/libraries...
Loading thermodynamics library from DFT_QCI_thermo.py in /home/dranasinghe/Software/rmg/RMG-database/input/thermo/libraries...
Loading thermodynamics library from Klippenstein_Glarborg2016.py in /home/dranasinghe/Software/rmg/RMG-database/input/thermo/libraries...
Loading thermodynamics library from primaryThermoLibrary.py in /home/dranasinghe/Software/rmg/RMG-database/input/thermo/libraries...
Loading thermodynamics library from primaryNS.py in /home/dranasinghe/Software/rmg/RMG-database/input/thermo/libraries...
Loading thermodynamics library from NitrogenCurran.py in /home/dranasinghe/Software/rmg/RMG-database/input/thermo/libraries...
Loading thermodynamics library from NOx2018.py in /home/dranasinghe/Software/rmg/RMG-database/input/thermo/libraries...
Loading thermodynamics library from FFCM1(-).py in /home/dranasinghe/Software/rmg/RMG-database/input/thermo/libraries...
Loading thermodynamics library from SulfurLibrary.py in /home/dranasinghe/Software/rmg/RMG-database/input/thermo/libraries...
Loading thermodynamics library from SulfurGlarborgH2S.py in /home/dranasinghe/Software/rmg/RMG-database/input/thermo/libraries...
Loading thermodynamics library from CHO.py in /home/dranasinghe/Software/rmg/RMG-database/input/thermo/libraries...
Loading thermodynamics library from GRI-Mech3.0-N.py in /home/dranasinghe/Software/rmg/RMG-database/input/thermo/libraries...
Loading thermodynamics library from JetSurF2.0.py in /home/dranasinghe/Software/rmg/RMG-database/input/thermo/libraries...
Loading thermodynamics library from SABIC_aromatics.py in /home/dranasinghe/Software/rmg/RMG-database/input/thermo/libraries...
Loading thermodynamics library from Fulvene_H.py in /home/dranasinghe/Software/rmg/RMG-database/input/thermo/libraries...
Loading thermodynamics library from JetSurF1.0.py in /home/dranasinghe/Software/rmg/RMG-database/input/thermo/libraries...
Loading thermodynamics library from CH.py in /home/dranasinghe/Software/rmg/RMG-database/input/thermo/libraries...
Loading thermodynamics library from NISTThermoLibrary.py in /home/dranasinghe/Software/rmg/RMG-database/input/thermo/libraries...
Loading thermodynamics library from C10H11.py in /home/dranasinghe/Software/rmg/RMG-database/input/thermo/libraries...
Loading thermodynamics library from naphthalene_H.py in /home/dranasinghe/Software/rmg/RMG-database/input/thermo/libraries...
Loading thermodynamics library from Chlorinated_Hydrocarbons.py in /home/dranasinghe/Software/rmg/RMG-database/input/thermo/libraries...
Loading thermodynamics library from Chernov.py in /home/dranasinghe/Software/rmg/RMG-database/input/thermo/libraries...
Loading thermodynamics library from Lai_Hexylbenzene.py in /home/dranasinghe/Software/rmg/RMG-database/input/thermo/libraries...
Loading thermodynamics library from CHON.py in /home/dranasinghe/Software/rmg/RMG-database/input/thermo/libraries...
Loading thermodynamics library from SulfurGlarborgBozzelli.py in /home/dranasinghe/Software/rmg/RMG-database/input/thermo/libraries...
Loading thermodynamics library from CurranPentane.py in /home/dranasinghe/Software/rmg/RMG-database/input/thermo/libraries...
Loading thermodynamics library from SulfurHaynes.py in /home/dranasinghe/Software/rmg/RMG-database/input/thermo/libraries...
Loading thermodynamics library from Narayanaswamy.py in /home/dranasinghe/Software/rmg/RMG-database/input/thermo/libraries...
Loading thermodynamics library from vinylCPD_H.py in /home/dranasinghe/Software/rmg/RMG-database/input/thermo/libraries...
Loading thermodynamics library from BurcatNS.py in /home/dranasinghe/Software/rmg/RMG-database/input/thermo/libraries...
Loading thermodynamics library from CN.py in /home/dranasinghe/Software/rmg/RMG-database/input/thermo/libraries...
Loading thermodynamics library from SulfurGlarborgNS.py in /home/dranasinghe/Software/rmg/RMG-database/input/thermo/libraries...
Loading thermodynamics library from USC-Mech-ii.py in /home/dranasinghe/Software/rmg/RMG-database/input/thermo/libraries...
Loading thermodynamics library from CHN.py in /home/dranasinghe/Software/rmg/RMG-database/input/thermo/libraries...
Loading thermodynamics library from GRI-Mech3.0.py in /home/dranasinghe/Software/rmg/RMG-database/input/thermo/libraries...
Loading thermodynamics library from bio_oil.py in /home/dranasinghe/Software/rmg/RMG-database/input/thermo/libraries...
Loading thermodynamics library from SulfurGlarborgMarshall.py in /home/dranasinghe/Software/rmg/RMG-database/input/thermo/libraries...
Loading thermodynamics library from CBS_QB3_1dHR.py in /home/dranasinghe/Software/rmg/RMG-database/input/thermo/libraries...
Loading thermodynamics library from C3.py in /home/dranasinghe/Software/rmg/RMG-database/input/thermo/libraries...
Loading thermodynamics group database from /home/dranasinghe/Software/rmg/RMG-database/input/thermo/groups...
Loading transport library from NOx2018.py in /home/dranasinghe/Software/rmg/RMG-database/input/transport/libraries...
Loading transport library from GRI-Mech.py in /home/dranasinghe/Software/rmg/RMG-database/input/transport/libraries...
Loading transport library from PrimaryTransportLibrary.py in /home/dranasinghe/Software/rmg/RMG-database/input/transport/libraries...
Loading transport group database from /home/dranasinghe/Software/rmg/RMG-database/input/transport/groups...
Loading frequencies group database from /home/dranasinghe/Software/rmg/RMG-database/input/statmech/groups...
Loading Platts additivity group database from /home/dranasinghe/Software/rmg/RMG-database/input/solvation/groups...



Determined H2 to be a linear molecule
Symmetry input file written to /media/sf_Work/ARC-Calculations/scratch/0.symm
Point group: Dinfh
Using the following BAC for H2: {'H-H': 1}
Loading species H2...
Assigned a frequency scale factor of 0.99 for model chemistry cbs-qb3
Loading statistical mechanics parameters for H2...
Saving statistical mechanics parameters for H2...
Saving thermo for H2...



Thermodynamics for H2:
  Enthalpy of formation (298 K)   =    -0.035 kcal/mol
  Entropy of formation (298 K)    =    31.137 cal/(mol*K)
   =========== =========== =========== =========== ===========
   Temperature Heat cap.   Enthalpy    Entropy     Free energy
   (K)         (cal/mol*K) (kcal/mol)  (cal/mol*K) (kcal/mol)
   =========== =========== =========== =========== ===========
           300       6.961      -0.022      31.183      -9.376
           400       6.953       0.674      33.185     -12.600
           500       6.947       1.369      34.735     -15.999
           600       6.950       2.064      36.002     -19.537
           800       7.005       3.458      38.007     -26.948
          1000       7.111       4.869      39.581     -34.712
          1500       7.492       8.516      42.533     -55.284
          2000       7.878      12.362      44.743     -77.125
          2400       8.115      15.563      46.202     -95.321
   =========== =========== =========== =========== ===========







Sources of thermoproperties determined by RMG for the parity plots:
   H2: Thermo library: BurkeH2O2




All jobs terminated. Summary for project minimal:

Species H2 converged successfully

Total execution time: 00:03:42
ARC execution terminated on Sat Feb 16 13:28:49 2019
