ARC execution initiated on Fri Mar 22 11:17:19 2019

###############################################################
#                                                             #
#                 Automatic Rate Calculator                   #
#                            ARC                              #
#                                                             #
#   Version: 1.0.0                                            #
#                                                             #
###############################################################

The current git HEAD for ARC is:
    3670c32cb09ad992403e9672b97d4113ab6cad89
    Fri Mar 22 10:58:58 2019 -0400

Starting project minimal

Using the following settings: {'molpro': 'pharos', u'ssh': True, 'qchem': 'pharos', 'gaussian': 'c3ddb'}

Using default level b97d/6-31g for refined conformer searches (after filtering via force fields)
Using default level b3lyp/6-31+g(d,p) for TS guesses comparison of different methods
Using default level b3lyp/cbsb7 for rotor scans
Using default level b3lyp/cbsb7 for geometry optimizations
Using default level b3lyp/cbsb7 for frequency calculations
Using default level ccsd(t)-f12/cc-pvtz-f12 for single point calculations
Using ccsd(t)-f12/cc-pvtz-f12 as model chemistry for energy corrections in Arkane


Considering species: H2


Only one conformer is available for species H2, using it for geometry optimization
Running job opt_a8 for H2
  Ending job opt_a8 for H2 (run time: 0:00:30)
Running job opt_a9 for H2 (fine opt)
  Ending job opt_a9 for H2 (run time: 0:00:21)

Optimized geometry for H2 at b3lyp/cbsb7:
H       1.08565600    0.08634100    0.02756200
H       1.82983000    0.08634100    0.02756200

Running job freq_a10 for H2
Running job sp_a11 for H2
  Ending job freq_a10 for H2 (run time: 0:00:14)
