ARC execution initiated on Fri Mar 22 11:02:38 2019

###############################################################
#                                                             #
#                 Automatic Rate Calculator                   #
#                            ARC                              #
#                                                             #
#   Version: 1.0.0                                            #
#                                                             #
###############################################################

The current git HEAD for ARC is:
    3670c32cb09ad992403e9672b97d4113ab6cad89
    Fri Mar 22 10:58:58 2019 -0400

Starting project minimal


Executing QM jobs remotely. Mapping servers...
Using Gaussian on c3ddb



Using the following settings: {u'qchem': None, u'molpro': None, u'ssh': True, u'gaussian': 'c3ddb'}

Using default level b97d/6-31g for refined conformer searches (after filtering via force fields)
Using default level b3lyp/6-31+g(d,p) for TS guesses comparison of different methods
Using default level b3lyp/cbsb7 for rotor scans
Using default level b3lyp/cbsb7 for geometry optimizations
Using default level b3lyp/cbsb7 for frequency calculations
Using default level ccsd(t)-f12/cc-pvtz-f12 for single point calculations
Using ccsd(t)-f12/cc-pvtz-f12 as model chemistry for energy corrections in Arkane


Considering species: H2


Only one conformer is available for species H2, using it for geometry optimization
Running job opt_a1 for H2
  Ending job opt_a1 for H2 (run time: 0:00:33)
Running job opt_a2 for H2 (fine opt)
  Ending job opt_a2 for H2 (run time: 0:00:21)

Optimized geometry for H2 at b3lyp/cbsb7:
H       1.03437600    0.01348000   -0.03269500
H       1.77854900    0.01348000   -0.03269500

Running job freq_a3 for H2
Running job sp_a4 for H2
  Ending job freq_a3 for H2 (run time: 0:00:14)
  Ending job sp_a4 for H2 (run time: 0:00:04)


Warning: Troubleshooting H2 job sp_a4 which failed with status "errored:  Error termination via Lnk1e in /cm/shared/c3ddb/gaussian/09.d01/g09/l1.exe at Fri Mar 22 11:04:33 2019.
; " in gaussian.
Troubleshooting sp job in gaussian using scf=(qc,nosymm)
Running job sp_a5 for H2
  Ending job sp_a5 for H2 (run time: 0:00:03)


Warning: Troubleshooting H2 job sp_a5 which failed with status "errored:  Error termination via Lnk1e in /cm/shared/c3ddb/gaussian/09.d01/g09/l1.exe at Fri Mar 22 11:05:09 2019.
; " in gaussian.
Troubleshooting sp job in gaussian using scf=(NDump=30)
Running job sp_a6 for H2
  Ending job sp_a6 for H2 (run time: 0:00:03)


Warning: Troubleshooting H2 job sp_a6 which failed with status "errored:  Error termination via Lnk1e in /cm/shared/c3ddb/gaussian/09.d01/g09/l1.exe at Fri Mar 22 11:05:43 2019.
; " in gaussian.
Troubleshooting sp job in gaussian using scf=NoDIIS
Running job sp_a7 for H2
