ARC execution initiated on Sat Feb 16 17:23:39 2019

###############################################################
#                                                             #
#                 Automatic Rate Calculator                   #
#                            ARC                              #
#                                                             #
#   Version: 0.1                                              #
#                                                             #
###############################################################

Starting project TS

Using the following settings: {'molpro': 'pharos', 'gaussian': 'c3ddb', 'qchem': 'pharos', 'ssh': True}



Warning: Not running rotor scans. This might compromise finding the best conformer, as dihedral angles won't be corrected. Also, entropy won't be accurate.


Using default level b97d/6-31g for refined conformer searches (after filtering via force fields)
Using default level b3lyp/6-311+g(d,p) for TS guesses comparison of different methods
Using composite method cbs-qb3
Using cbs-qb3 as model chemistry for energy corrections in Arkane
Using default level b3lyp/cbsb7 for frequency calculations after composite jobs
Using cbs-qb3 as model chemistry for energy corrections in Arkane


Considering transition state: TS_1cd_O2


Running job composite_a1702 for TS_1cd_O2

All TS guesses for TS_1cd_O2 terminated. No method has converged!
Error: No TS methods for TS_1cd_O2 have converged!


Currently running jobs:
{'TS_1cd_O2': [u'composite_a1702']}
  Ending job composite_a1702 for TS_1cd_O2 (1:12:59)

Optimized geometry for TS_1cd_O2 of reaction None at cbs-qb3:
N      -0.45114000    0.66862300   -0.05549500
H      -0.40921200    1.06382600    0.88454500
H       0.64707400    0.34530800   -0.25977800
N      -1.27159100   -0.47872600    0.00948900
H      -1.94372100   -0.42634500    0.76603100
H      -1.76664700   -0.57165500   -0.87054800
N       1.92625800   -0.18407700   -0.13823800
H       1.86809300   -0.75658900    0.72524800

TS_1cd_O2 has exactly one imaginary frequency: -1283.3244
Running job freq_a1703 for TS_1cd_O2
  Ending job freq_a1703 for TS_1cd_O2 (0:01:36)
Warning: Number of basis functions (nbasis) has changed from 84 to 87
TS_1cd_O2 has exactly one imaginary frequency: -1283.3233

All jobs for species TS_1cd_O2 successfully converged. Elapsed time: 01:14:38




Loading the RMG database...
Loading thermodynamics group database from /home/dranasinghe/Software/rmg/RMG-database/input/thermo/groups...
Loading transport library from NOx2018.py in /home/dranasinghe/Software/rmg/RMG-database/input/transport/libraries...
Loading transport library from GRI-Mech.py in /home/dranasinghe/Software/rmg/RMG-database/input/transport/libraries...
Loading transport library from PrimaryTransportLibrary.py in /home/dranasinghe/Software/rmg/RMG-database/input/transport/libraries...
Loading transport group database from /home/dranasinghe/Software/rmg/RMG-database/input/transport/groups...
Loading kinetics library Mebel_C6H5_C2H2 from /home/dranasinghe/Software/rmg/RMG-database/input/kinetics/libraries/Mebel_C6H5_C2H2/reactions.py...
Loading kinetics library Fulvene_H from /home/dranasinghe/Software/rmg/RMG-database/input/kinetics/libraries/Fulvene_H/reactions.py...
Loading kinetics library Nitrogen_Dean_and_Bozzelli from /home/dranasinghe/Software/rmg/RMG-database/input/kinetics/libraries/Nitrogen_Dean_and_Bozzelli/reactions.py...
Loading kinetics library C10H11 from /home/dranasinghe/Software/rmg/RMG-database/input/kinetics/libraries/C10H11/reactions.py...
Loading kinetics library Ethylamine from /home/dranasinghe/Software/rmg/RMG-database/input/kinetics/libraries/Ethylamine/reactions.py...
Loading kinetics library Klippenstein_Glarborg2016 from /home/dranasinghe/Software/rmg/RMG-database/input/kinetics/libraries/Klippenstein_Glarborg2016/reactions.py...
Warning: Only Arrhenius and PDepArrhenius kinetics supported for duplicate reactions.
Warning: Only Arrhenius and PDepArrhenius kinetics supported for duplicate reactions.
Loading kinetics library Nitrogen_Glarborg_Gimenez_et_al from /home/dranasinghe/Software/rmg/RMG-database/input/kinetics/libraries/Nitrogen_Glarborg_Gimenez_et_al/reactions.py...
Warning: Only Arrhenius and PDepArrhenius kinetics supported for duplicate reactions.
Warning: Only Arrhenius and PDepArrhenius kinetics supported for duplicate reactions.
Warning: Only Arrhenius and PDepArrhenius kinetics supported for duplicate reactions.
Warning: Only Arrhenius and PDepArrhenius kinetics supported for duplicate reactions.
Loading kinetics library NOx2018 from /home/dranasinghe/Software/rmg/RMG-database/input/kinetics/libraries/NOx2018/reactions.py...
Warning: Only Arrhenius and PDepArrhenius kinetics supported for duplicate reactions.
Warning: Only Arrhenius and PDepArrhenius kinetics supported for duplicate reactions.
Warning: Only Arrhenius and PDepArrhenius kinetics supported for duplicate reactions.
Loading kinetics library ERC-FoundationFuelv0.9 from /home/dranasinghe/Software/rmg/RMG-database/input/kinetics/libraries/ERC-FoundationFuelv0.9/reactions.py...
Loading kinetics library 2005_Senosiain_OH_C2H2 from /home/dranasinghe/Software/rmg/RMG-database/input/kinetics/libraries/2005_Senosiain_OH_C2H2/reactions.py...
Loading kinetics library Mebel_Naphthyl from /home/dranasinghe/Software/rmg/RMG-database/input/kinetics/libraries/Mebel_Naphthyl/reactions.py...
Loading kinetics library C6H5_C4H4_Mebel from /home/dranasinghe/Software/rmg/RMG-database/input/kinetics/libraries/C6H5_C4H4_Mebel/reactions.py...
Loading kinetics library JetSurF1.0 from /home/dranasinghe/Software/rmg/RMG-database/input/kinetics/libraries/JetSurF1.0/reactions.py...
Warning: Only Arrhenius and PDepArrhenius kinetics supported for duplicate reactions.
Warning: Only Arrhenius and PDepArrhenius kinetics supported for duplicate reactions.
Warning: Only Arrhenius and PDepArrhenius kinetics supported for duplicate reactions.
Warning: Only Arrhenius and PDepArrhenius kinetics supported for duplicate reactions.
Warning: Only Arrhenius and PDepArrhenius kinetics supported for duplicate reactions.
Warning: Only Arrhenius and PDepArrhenius kinetics supported for duplicate reactions.
Warning: Only Arrhenius and PDepArrhenius kinetics supported for duplicate reactions.
Warning: Only Arrhenius and PDepArrhenius kinetics supported for duplicate reactions.
Warning: Only Arrhenius and PDepArrhenius kinetics supported for duplicate reactions.
Warning: Only Arrhenius and PDepArrhenius kinetics supported for duplicate reactions.
Warning: Only Arrhenius and PDepArrhenius kinetics supported for duplicate reactions.
Warning: Only Arrhenius and PDepArrhenius kinetics supported for duplicate reactions.
Warning: Only Arrhenius and PDepArrhenius kinetics supported for duplicate reactions.
Warning: Only Arrhenius and PDepArrhenius kinetics supported for duplicate reactions.
Loading kinetics library 1989_Stewart_2CH3_to_C2H5_H from /home/dranasinghe/Software/rmg/RMG-database/input/kinetics/libraries/1989_Stewart_2CH3_to_C2H5_H/reactions.py...
Loading kinetics library JetSurF2.0 from /home/dranasinghe/Software/rmg/RMG-database/input/kinetics/libraries/JetSurF2.0/reactions.py...
Warning: Only Arrhenius and PDepArrhenius kinetics supported for duplicate reactions.
Warning: Only Arrhenius and PDepArrhenius kinetics supported for duplicate reactions.
Warning: Only Arrhenius and PDepArrhenius kinetics supported for duplicate reactions.
Warning: Only Arrhenius and PDepArrhenius kinetics supported for duplicate reactions.
Warning: Only Arrhenius and PDepArrhenius kinetics supported for duplicate reactions.
Warning: Only Arrhenius and PDepArrhenius kinetics supported for duplicate reactions.
Warning: Only Arrhenius and PDepArrhenius kinetics supported for duplicate reactions.
Warning: Only Arrhenius and PDepArrhenius kinetics supported for duplicate reactions.
Warning: Only Arrhenius and PDepArrhenius kinetics supported for duplicate reactions.
Warning: Only Arrhenius and PDepArrhenius kinetics supported for duplicate reactions.
Warning: Only Arrhenius and PDepArrhenius kinetics supported for duplicate reactions.
Warning: Only Arrhenius and PDepArrhenius kinetics supported for duplicate reactions.
Warning: Only Arrhenius and PDepArrhenius kinetics supported for duplicate reactions.
Warning: Only Arrhenius and PDepArrhenius kinetics supported for duplicate reactions.
Loading kinetics library Nitrogen_Glarborg_Zhang_et_al from /home/dranasinghe/Software/rmg/RMG-database/input/kinetics/libraries/Nitrogen_Glarborg_Zhang_et_al/reactions.py...
Loading kinetics library 2001_Tokmakov_H_Toluene_to_CH3_Benzene from /home/dranasinghe/Software/rmg/RMG-database/input/kinetics/libraries/2001_Tokmakov_H_Toluene_to_CH3_Benzene/reactions.py...
Loading kinetics library FFCM1(-) from /home/dranasinghe/Software/rmg/RMG-database/input/kinetics/libraries/FFCM1(-)/reactions.py...
Loading kinetics library fascella from /home/dranasinghe/Software/rmg/RMG-database/input/kinetics/libraries/fascella/reactions.py...
Loading kinetics library primarySulfurLibrary from /home/dranasinghe/Software/rmg/RMG-database/input/kinetics/libraries/primarySulfurLibrary/reactions.py...
Warning: Only Arrhenius and PDepArrhenius kinetics supported for duplicate reactions.
Warning: Only Arrhenius and PDepArrhenius kinetics supported for duplicate reactions.
Loading kinetics library N-S_interactions from /home/dranasinghe/Software/rmg/RMG-database/input/kinetics/libraries/N-S_interactions/reactions.py...
Loading kinetics library kislovB from /home/dranasinghe/Software/rmg/RMG-database/input/kinetics/libraries/kislovB/reactions.py...
Loading kinetics library GRI-Mech3.0 from /home/dranasinghe/Software/rmg/RMG-database/input/kinetics/libraries/GRI-Mech3.0/reactions.py...
Loading kinetics library GRI-Mech3.0-N from /home/dranasinghe/Software/rmg/RMG-database/input/kinetics/libraries/GRI-Mech3.0-N/reactions.py...
Loading kinetics library C3 from /home/dranasinghe/Software/rmg/RMG-database/input/kinetics/libraries/C3/reactions.py...
Loading kinetics library TEOS from /home/dranasinghe/Software/rmg/RMG-database/input/kinetics/libraries/TEOS/reactions.py...
Loading kinetics library Narayanaswamy from /home/dranasinghe/Software/rmg/RMG-database/input/kinetics/libraries/Narayanaswamy/reactions.py...
Loading kinetics library 2009_Sharma_C5H5_CH3_highP from /home/dranasinghe/Software/rmg/RMG-database/input/kinetics/libraries/2009_Sharma_C5H5_CH3_highP/reactions.py...
Loading kinetics library Chernov from /home/dranasinghe/Software/rmg/RMG-database/input/kinetics/libraries/Chernov/reactions.py...
Loading kinetics library 2015_Buras_C2H3_C4H6_highP from /home/dranasinghe/Software/rmg/RMG-database/input/kinetics/libraries/2015_Buras_C2H3_C4H6_highP/reactions.py...
Loading kinetics library C2H4+O_Klipp2017 from /home/dranasinghe/Software/rmg/RMG-database/input/kinetics/libraries/C2H4+O_Klipp2017/reactions.py...
Loading kinetics library Nitrogen_Glarborg_Lucassen_et_al from /home/dranasinghe/Software/rmg/RMG-database/input/kinetics/libraries/Nitrogen_Glarborg_Lucassen_et_al/reactions.py...
Loading kinetics library Methylformate from /home/dranasinghe/Software/rmg/RMG-database/input/kinetics/libraries/Methylformate/reactions.py...
Loading kinetics library BurkeH2O2inN2 from /home/dranasinghe/Software/rmg/RMG-database/input/kinetics/libraries/BurkeH2O2inN2/reactions.py...
Loading kinetics library vinylCPD_H from /home/dranasinghe/Software/rmg/RMG-database/input/kinetics/libraries/vinylCPD_H/reactions.py...
Loading kinetics library 2006_Joshi_OH_CO from /home/dranasinghe/Software/rmg/RMG-database/input/kinetics/libraries/2006_Joshi_OH_CO/reactions.py...
Loading kinetics library 2003_Miller_Propargyl_Recomb_High_P from /home/dranasinghe/Software/rmg/RMG-database/input/kinetics/libraries/2003_Miller_Propargyl_Recomb_High_P/reactions.py...
Loading kinetics library biCPD_H_shift from /home/dranasinghe/Software/rmg/RMG-database/input/kinetics/libraries/biCPD_H_shift/reactions.py...
Loading kinetics library primaryNitrogenLibrary from /home/dranasinghe/Software/rmg/RMG-database/input/kinetics/libraries/primaryNitrogenLibrary/reactions.py...
Loading kinetics library c-C5H5_CH3_Sharma from /home/dranasinghe/Software/rmg/RMG-database/input/kinetics/libraries/c-C5H5_CH3_Sharma/reactions.py...
Loading kinetics library GRI-HCO from /home/dranasinghe/Software/rmg/RMG-database/input/kinetics/libraries/GRI-HCO/reactions.py...
Loading kinetics library BurkeH2O2inArHe from /home/dranasinghe/Software/rmg/RMG-database/input/kinetics/libraries/BurkeH2O2inArHe/reactions.py...
Loading kinetics library Lai_Hexylbenzene from /home/dranasinghe/Software/rmg/RMG-database/input/kinetics/libraries/Lai_Hexylbenzene/reactions.py...
Loading kinetics library CurranPentane from /home/dranasinghe/Software/rmg/RMG-database/input/kinetics/libraries/CurranPentane/reactions.py...
Warning: Only Arrhenius and PDepArrhenius kinetics supported for duplicate reactions.
Warning: Only Arrhenius and PDepArrhenius kinetics supported for duplicate reactions.
Loading kinetics library naphthalene_H from /home/dranasinghe/Software/rmg/RMG-database/input/kinetics/libraries/naphthalene_H/reactions.py...
Loading kinetics library Dooley/methylformate_all_N2bathgas from /home/dranasinghe/Software/rmg/RMG-database/input/kinetics/libraries/Dooley/methylformate_all_N2bathgas/reactions.py...
Loading kinetics library Dooley/C1 from /home/dranasinghe/Software/rmg/RMG-database/input/kinetics/libraries/Dooley/C1/reactions.py...
Loading kinetics library Dooley/methylformate_2 from /home/dranasinghe/Software/rmg/RMG-database/input/kinetics/libraries/Dooley/methylformate_2/reactions.py...
Loading kinetics library Dooley/methylformate_all_ARHEbathgas from /home/dranasinghe/Software/rmg/RMG-database/input/kinetics/libraries/Dooley/methylformate_all_ARHEbathgas/reactions.py...
Loading kinetics library Dooley/methylformate from /home/dranasinghe/Software/rmg/RMG-database/input/kinetics/libraries/Dooley/methylformate/reactions.py...
Loading kinetics library Glarborg/C1 from /home/dranasinghe/Software/rmg/RMG-database/input/kinetics/libraries/Glarborg/C1/reactions.py...
Loading kinetics library Glarborg/highP from /home/dranasinghe/Software/rmg/RMG-database/input/kinetics/libraries/Glarborg/highP/reactions.py...
Loading kinetics library Glarborg/C3 from /home/dranasinghe/Software/rmg/RMG-database/input/kinetics/libraries/Glarborg/C3/reactions.py...
Loading kinetics library Glarborg/C2 from /home/dranasinghe/Software/rmg/RMG-database/input/kinetics/libraries/Glarborg/C2/reactions.py...
Loading kinetics library Glarborg/C0 from /home/dranasinghe/Software/rmg/RMG-database/input/kinetics/libraries/Glarborg/C0/reactions.py...
Loading kinetics library Sulfur/GlarborgNS from /home/dranasinghe/Software/rmg/RMG-database/input/kinetics/libraries/Sulfur/GlarborgNS/reactions.py...
Loading kinetics library Sulfur/GlarborgMarshall from /home/dranasinghe/Software/rmg/RMG-database/input/kinetics/libraries/Sulfur/GlarborgMarshall/reactions.py...
Loading kinetics library Sulfur/HSSH_1bar from /home/dranasinghe/Software/rmg/RMG-database/input/kinetics/libraries/Sulfur/HSSH_1bar/reactions.py...
Loading kinetics library Sulfur/GlarborgH2S from /home/dranasinghe/Software/rmg/RMG-database/input/kinetics/libraries/Sulfur/GlarborgH2S/reactions.py...
Loading kinetics library Sulfur/Thial_Hydrolysis from /home/dranasinghe/Software/rmg/RMG-database/input/kinetics/libraries/Sulfur/Thial_Hydrolysis/reactions.py...
Loading kinetics library Sulfur/DMDS from /home/dranasinghe/Software/rmg/RMG-database/input/kinetics/libraries/Sulfur/DMDS/reactions.py...
Loading kinetics library Sulfur/GlarborgBozzelli from /home/dranasinghe/Software/rmg/RMG-database/input/kinetics/libraries/Sulfur/GlarborgBozzelli/reactions.py...
Loading kinetics library Sulfur/DMS from /home/dranasinghe/Software/rmg/RMG-database/input/kinetics/libraries/Sulfur/DMS/reactions.py...
Loading kinetics library Sulfur/Sendt from /home/dranasinghe/Software/rmg/RMG-database/input/kinetics/libraries/Sulfur/Sendt/reactions.py...
Loading kinetics library Sulfur/Hexanethial_nr from /home/dranasinghe/Software/rmg/RMG-database/input/kinetics/libraries/Sulfur/Hexanethial_nr/reactions.py...
Loading kinetics library Sulfur/TP_Song from /home/dranasinghe/Software/rmg/RMG-database/input/kinetics/libraries/Sulfur/TP_Song/reactions.py...
Loading kinetics library Sulfur/DTBS from /home/dranasinghe/Software/rmg/RMG-database/input/kinetics/libraries/Sulfur/DTBS/reactions.py...
Loading kinetics library First_to_Second_Aromatic_Ring/2017_Mebel_C6H4C2H_C2H2_highP from /home/dranasinghe/Software/rmg/RMG-database/input/kinetics/libraries/First_to_Second_Aromatic_Ring/2017_Mebel_C6H4C2H_C2H2_highP/reactions.py...
Loading kinetics library First_to_Second_Aromatic_Ring/2012_Matsugi_C3H3_C7H7_highP from /home/dranasinghe/Software/rmg/RMG-database/input/kinetics/libraries/First_to_Second_Aromatic_Ring/2012_Matsugi_C3H3_C7H7_highP/reactions.py...
Loading kinetics library First_to_Second_Aromatic_Ring/2017_Mebel_C6H5_C4H4_highP from /home/dranasinghe/Software/rmg/RMG-database/input/kinetics/libraries/First_to_Second_Aromatic_Ring/2017_Mebel_C6H5_C4H4_highP/reactions.py...
Loading kinetics library First_to_Second_Aromatic_Ring/2016_Mebel_C10H9_highP from /home/dranasinghe/Software/rmg/RMG-database/input/kinetics/libraries/First_to_Second_Aromatic_Ring/2016_Mebel_C10H9_highP/reactions.py...
Loading kinetics library First_to_Second_Aromatic_Ring/2017_Buras_C6H5_C3H6_highP from /home/dranasinghe/Software/rmg/RMG-database/input/kinetics/libraries/First_to_Second_Aromatic_Ring/2017_Buras_C6H5_C3H6_highP/reactions.py...
Loading kinetics library First_to_Second_Aromatic_Ring/phenyl_diacetylene_effective from /home/dranasinghe/Software/rmg/RMG-database/input/kinetics/libraries/First_to_Second_Aromatic_Ring/phenyl_diacetylene_effective/reactions.py...
Loading kinetics library First_to_Second_Aromatic_Ring/2005_Ismail_C6H5_C4H6_highP from /home/dranasinghe/Software/rmg/RMG-database/input/kinetics/libraries/First_to_Second_Aromatic_Ring/2005_Ismail_C6H5_C4H6_highP/reactions.py...
Loading kinetics library First_to_Second_Aromatic_Ring/2017_Mebel_C6H5C2H2_C2H2_highP from /home/dranasinghe/Software/rmg/RMG-database/input/kinetics/libraries/First_to_Second_Aromatic_Ring/2017_Mebel_C6H5C2H2_C2H2_highP/reactions.py...
Loading kinetics library First_to_Second_Aromatic_Ring/2016_Mebel_Indene_CH3_highP from /home/dranasinghe/Software/rmg/RMG-database/input/kinetics/libraries/First_to_Second_Aromatic_Ring/2016_Mebel_Indene_CH3_highP/reactions.py...
Loading kinetics library First_to_Second_Aromatic_Ring/2017_Mebel_C6H5_C2H2_highP from /home/dranasinghe/Software/rmg/RMG-database/input/kinetics/libraries/First_to_Second_Aromatic_Ring/2017_Mebel_C6H5_C2H2_highP/reactions.py...
Loading kinetics library First_to_Second_Aromatic_Ring/2016_Mebel_C9H9_highP from /home/dranasinghe/Software/rmg/RMG-database/input/kinetics/libraries/First_to_Second_Aromatic_Ring/2016_Mebel_C9H9_highP/reactions.py...
Loading kinetics library combustion_core/version4 from /home/dranasinghe/Software/rmg/RMG-database/input/kinetics/libraries/combustion_core/version4/reactions.py...
Loading kinetics library combustion_core/version5 from /home/dranasinghe/Software/rmg/RMG-database/input/kinetics/libraries/combustion_core/version5/reactions.py...
Loading kinetics library combustion_core/version3 from /home/dranasinghe/Software/rmg/RMG-database/input/kinetics/libraries/combustion_core/version3/reactions.py...
Loading kinetics library combustion_core/version2 from /home/dranasinghe/Software/rmg/RMG-database/input/kinetics/libraries/combustion_core/version2/reactions.py...
Loading frequencies group database from /home/dranasinghe/Software/rmg/RMG-database/input/statmech/groups...
Loading Platts additivity group database from /home/dranasinghe/Software/rmg/RMG-database/input/solvation/groups...
Warning: Cphigh is above the theoretical CpInf value for ThermoData object
ThermoData(Tdata=([300,400,500,600,800,1000,1500],'K'), Cpdata=([26.945,25.4387,25.9408,28.1165,30.1248,33.0536,37.907],'J/(mol*K)'), H298=(139.972,'kJ/mol'), S298=(219.42,'J/(mol*K)'), Cp0=(29.1007,'J/(mol*K)'), CpInf=(37.4151,'J/(mol*K)'), comment="""Thermo group additivity estimation: group(O2s-OsH) + group(O2s-OsH) + radical(HOOJ) + radical(HOOJ)""").
The thermo for this species is probably wrong! Setting CpInf = Cphigh for Entropy calculationat T = 2000.0 K...
Warning: Cphigh is above the theoretical CpInf value for ThermoData object
ThermoData(Tdata=([300,400,500,600,800,1000,1500],'K'), Cpdata=([26.945,25.4387,25.9408,28.1165,30.1248,33.0536,37.907],'J/(mol*K)'), H298=(139.972,'kJ/mol'), S298=(219.42,'J/(mol*K)'), Cp0=(29.1007,'J/(mol*K)'), CpInf=(37.4151,'J/(mol*K)'), comment="""Thermo group additivity estimation: group(O2s-OsH) + group(O2s-OsH) + radical(HOOJ) + radical(HOOJ)""").
The thermo for this species is probably wrong! Setting CpInf = Cphigh for Entropy calculationat T = 1666.66666667 K...
Warning: Cphigh is above the theoretical CpInf value for ThermoData object
ThermoData(Tdata=([300,400,500,600,800,1000,1500],'K'), Cpdata=([26.945,25.4387,25.9408,28.1165,30.1248,33.0536,37.907],'J/(mol*K)'), H298=(139.972,'kJ/mol'), S298=(219.42,'J/(mol*K)'), Cp0=(29.1007,'J/(mol*K)'), CpInf=(37.4151,'J/(mol*K)'), comment="""Thermo group additivity estimation: group(O2s-OsH) + group(O2s-OsH) + radical(HOOJ) + radical(HOOJ)""").
The thermo for this species is probably wrong! Setting CpInf = Cphigh for Entropy calculationat T = 2000.0 K...
Warning: Cphigh is above the theoretical CpInf value for ThermoData object
ThermoData(Tdata=([300,400,500,600,800,1000,1500],'K'), Cpdata=([26.945,25.4387,25.9408,28.1165,30.1248,33.0536,37.907],'J/(mol*K)'), H298=(139.972,'kJ/mol'), S298=(219.42,'J/(mol*K)'), Cp0=(29.1007,'J/(mol*K)'), CpInf=(37.4151,'J/(mol*K)'), comment="""Thermo group additivity estimation: group(O2s-OsH) + group(O2s-OsH) + radical(HOOJ) + radical(HOOJ)""").
The thermo for this species is probably wrong! Setting CpInf = Cphigh for Entropy calculationat T = 1666.66666667 K...
Warning: Cphigh is above the theoretical CpInf value for ThermoData object
ThermoData(Tdata=([300,400,500,600,800,1000,1500],'K'), Cpdata=([26.945,25.4387,25.9408,28.1165,30.1248,33.0536,37.907],'J/(mol*K)'), H298=(139.972,'kJ/mol'), S298=(219.42,'J/(mol*K)'), Cp0=(29.1007,'J/(mol*K)'), CpInf=(37.4151,'J/(mol*K)'), comment="""Thermo group additivity estimation: group(O2s-OsH) + group(O2s-OsH) + radical(HOOJ) + radical(HOOJ)""").
The thermo for this species is probably wrong! Setting CpInf = Cphigh for Entropy calculationat T = 2000.0 K...
Warning: Cphigh is above the theoretical CpInf value for ThermoData object
ThermoData(Tdata=([300,400,500,600,800,1000,1500],'K'), Cpdata=([26.945,25.4387,25.9408,28.1165,30.1248,33.0536,37.907],'J/(mol*K)'), H298=(139.972,'kJ/mol'), S298=(219.42,'J/(mol*K)'), Cp0=(29.1007,'J/(mol*K)'), CpInf=(37.4151,'J/(mol*K)'), comment="""Thermo group additivity estimation: group(O2s-OsH) + group(O2s-OsH) + radical(HOOJ) + radical(HOOJ)""").
The thermo for this species is probably wrong! Setting CpInf = Cphigh for Entropy calculationat T = 1666.66666667 K...
Warning: Cphigh is above the theoretical CpInf value for ThermoData object
ThermoData(Tdata=([300,400,500,600,800,1000,1500],'K'), Cpdata=([26.945,25.4387,25.9408,28.1165,30.1248,33.0536,37.907],'J/(mol*K)'), H298=(139.972,'kJ/mol'), S298=(219.42,'J/(mol*K)'), Cp0=(29.1007,'J/(mol*K)'), CpInf=(37.4151,'J/(mol*K)'), comment="""Thermo group additivity estimation: group(O2s-OsH) + group(O2s-OsH) + radical(HOOJ) + radical(HOOJ)""").
The thermo for this species is probably wrong! Setting CpInf = Cphigh for Entropy calculationat T = 2000.0 K...
Warning: Cphigh is above the theoretical CpInf value for ThermoData object
ThermoData(Tdata=([300,400,500,600,800,1000,1500],'K'), Cpdata=([26.945,25.4387,25.9408,28.1165,30.1248,33.0536,37.907],'J/(mol*K)'), H298=(139.972,'kJ/mol'), S298=(219.42,'J/(mol*K)'), Cp0=(29.1007,'J/(mol*K)'), CpInf=(37.4151,'J/(mol*K)'), comment="""Thermo group additivity estimation: group(O2s-OsH) + group(O2s-OsH) + radical(HOOJ) + radical(HOOJ)""").
The thermo for this species is probably wrong! Setting CpInf = Cphigh for Entropy calculationat T = 1666.66666667 K...
Warning: Cphigh is above the theoretical CpInf value for ThermoData object
ThermoData(Tdata=([300,400,500,600,800,1000,1500],'K'), Cpdata=([36.6869,38.2195,39.253,40.4473,45.0357,50.6323,54.2027],'J/(mol*K)'), H298=(310.047,'kJ/mol'), S298=(162.808,'J/(mol*K)'), Cp0=(29.1007,'J/(mol*K)'), CpInf=(37.4151,'J/(mol*K)'), comment="""Thermo group additivity estimation: group(O2s-CsCs) + group(CsJ2_singlet-CsH)""").
The thermo for this species is probably wrong! Setting CpInf = Cphigh for Entropy calculationat T = 2000.0 K...
Warning: Cphigh is above the theoretical CpInf value for ThermoData object
ThermoData(Tdata=([300,400,500,600,800,1000,1500],'K'), Cpdata=([36.6869,38.2195,39.253,40.4473,45.0357,50.6323,54.2027],'J/(mol*K)'), H298=(310.047,'kJ/mol'), S298=(162.808,'J/(mol*K)'), Cp0=(29.1007,'J/(mol*K)'), CpInf=(37.4151,'J/(mol*K)'), comment="""Thermo group additivity estimation: group(O2s-CsCs) + group(CsJ2_singlet-CsH)""").
The thermo for this species is probably wrong! Setting CpInf = Cphigh for Entropy calculationat T = 1666.66666667 K...
Warning: Cphigh is above the theoretical CpInf value for ThermoData object
ThermoData(Tdata=([300,400,500,600,800,1000,1500],'K'), Cpdata=([36.6869,38.2195,39.253,40.4473,45.0357,50.6323,54.2027],'J/(mol*K)'), H298=(310.047,'kJ/mol'), S298=(162.808,'J/(mol*K)'), Cp0=(29.1007,'J/(mol*K)'), CpInf=(37.4151,'J/(mol*K)'), comment="""Thermo group additivity estimation: group(O2s-CsCs) + group(CsJ2_singlet-CsH)""").
The thermo for this species is probably wrong! Setting CpInf = Cphigh for Entropy calculationat T = 2000.0 K...
Warning: Cphigh is above the theoretical CpInf value for ThermoData object
ThermoData(Tdata=([300,400,500,600,800,1000,1500],'K'), Cpdata=([36.6869,38.2195,39.253,40.4473,45.0357,50.6323,54.2027],'J/(mol*K)'), H298=(310.047,'kJ/mol'), S298=(162.808,'J/(mol*K)'), Cp0=(29.1007,'J/(mol*K)'), CpInf=(37.4151,'J/(mol*K)'), comment="""Thermo group additivity estimation: group(O2s-CsCs) + group(CsJ2_singlet-CsH)""").
The thermo for this species is probably wrong! Setting CpInf = Cphigh for Entropy calculationat T = 1666.66666667 K...









All jobs terminated. Summary for project TS:

Species TS_1cd_O2 converged successfully

Total execution time: 01:26:26
ARC execution terminated on Sat Feb 16 18:50:05 2019
